
=== 2026-07-08T17:36:46 ===
ERROR: Expecting value: line 1 column 1 (char 0)
RAW (1774 chars): I need to evaluate this GBPJPY resistance_fade setup carefully.

**Setup Analysis:**

- **Level:** 217.206 resistance
- **Current price:** 217.256/217.278 (above the resistance level)
- **Setup type:** resistance_fade (sell from resistance)

**Gate checks:**

1. **D1 bias:** BULL — this is a resista
PROMPT (first 400 chars):
ALERT: GBPJPY resistance at 217.20600
Current: bid=217.25600 ask=217.27800 spread=2.2p

D1: bias=bull, SMA20=214.58390, ATR14=127p, last_close=216.52400

H1 last 12 bars (oldest first, most recent last):
  ?  O=216.76500 H=216.82300 L=216.70400 C=216.72900
  ?  O=216.73700 H=216.86500 L=216.70100 C=216.76600
  ?  O=216.76700 H=216.82100 L=216.74100 C=216.79700
  ?  O=216.79900 H=216.85800 L=216.75

=== 2026-07-08T17:42:30 ===
ERROR: Expecting value: line 1 column 1 (char 0)
RAW (1349 chars): Looking at this setup:

**Setup type**: support_bounce (price at support 0.85327, but D1 bias is BEAR)

**Gate 1 - D1 bias**: D1 is BEAR. A support_bounce requires a BUY, which is counter-trend to the bear bias. This fails immediately.

**Gate 2 - H1 confirmation**: The most recent H1 bar (O=0.85469
PROMPT (first 400 chars):
ALERT: EURGBP support at 0.85327
Current: bid=0.85327 ask=0.85332 spread=0.5p

D1: bias=bear, SMA20=0.86148, ATR14=30p, last_close=0.85419

H1 last 12 bars (oldest first, most recent last):
  ?  O=0.85433 H=0.85438 L=0.85417 C=0.85437
  ?  O=0.85435 H=0.85462 L=0.85427 C=0.85458
  ?  O=0.85460 H=0.85469 L=0.85450 C=0.85469
  ?  O=0.85469 H=0.85482 L=0.85462 C=0.85477
  ?  O=0.85475 H=0.85500 L=0.8
